<?xml version="1.0" encoding="UTF-8"?>
<testsuite name="StressTest" tests="1" skipped="0" failures="0" errors="0" timestamp="2023-06-23T22:00:34" hostname="MacBook-Air-Elena-Soboleva.local" time="1.5">
  <properties/>
  <testcase name="testStress()" classname="StressTest" time="1.5"/>
  <system-out><![CDATA[swapping: 1842098058 1856227061 1842098058 1199435461
swapping: 1842098058 -1485355660 1842098058 1199435461
swapping: 1842098058 -907176441 1842098058 1199435461
swapping: 1842098058 -856357552 1842098058 1199435461
swapping: 1842098058 -547265744 1842098058 1199435461
swapping: 1842098058 -435439108 1842098058 1199435461
swapping: -1176223511 -964134854 -1176223511 -1871326221
swapping: -357032189 -300641478 -357032189 270389692
swapping: -1460193838 -748922177 -1460193838 -1967139277
swapping: -1460193838 -1194182869 -1460193838 -2010525657
swapping: -1460193838 -896396792 -1460193838 -2010525657
swapping: -1460193838 -842469060 -1460193838 -2010525657
swapping: -1460193838 -563200415 -1460193838 -2010525657
swapping: -191802089 -13459340 -191802089 -1166846871
swapping: 1794001699 1922915749 1794001699 1793248483
swapping: 1794001699 -1630041445 1794001699 1793248483
swapping: 1794001699 -1288245568 1794001699 1793248483
swapping: 1794001699 -1222067071 1794001699 1793248483
swapping: 1794001699 -977087322 1794001699 1793248483
swapping: 1794001699 -641950097 1794001699 1793248483
swapping: -563204767 -480486377 -563204767 -1010313996
swapping: 1314289848 2066647151 1314289848 753708279
swapping: 1314289848 2127410395 1314289848 753708279
swapping: 1314289848 -1637123172 1314289848 753708279
swapping: 1314289848 -1349077836 1314289848 753708279
swapping: 1314289848 -1150490676 1314289848 753708279
swapping: 1314289848 -450918982 1314289848 753708279
swapping: 1314289848 -222057971 1314289848 753708279
swapping: -888539514 -423978331 -888539514 -1702275224
swapping: -888539514 -843828144 -888539514 -1358219758
swapping: -888539514 -751879441 -888539514 -1358219758
swapping: 1996896036 -2014448276 1996896036 1606954764
swapping: 1996896036 -1028610514 1996896036 1606954764
swapping: 1698404390 1870559727 1698404390 943843588
swapping: 1698404390 -2109689993 1698404390 943843588
swapping: 1698404390 -980611264 1698404390 943843588
swapping: 1698404390 -269527480 1698404390 943843588
swapping: 1013591947 1473281289 1013591947 761244795
swapping: 1013591947 -2125317498 1013591947 761244795
swapping: 1013591947 -1654689193 1013591947 761244795
swapping: -2069827990 -735899427 -2069827990 1811356685
swapping: -1157550980 -738280253 -1157550980 -1540590111
swapping: 708887821 -1837387121 708887821 47570712
swapping: 708887821 -1354883006 708887821 47570712
swapping: 708887821 -1111694844 708887821 47570712
swapping: 708887821 -1105347980 708887821 47570712
swapping: 708887821 -865266452 708887821 47570712
swapping: 708887821 -506843749 708887821 47570712
swapping: 708887821 -478465968 708887821 47570712
swapping: 708887821 -348389268 708887821 47570712
swapping: 1247196608 1292415997 1247196608 852865609
swapping: 1247196608 -2028716881 1247196608 852865609
swapping: 1247196608 -1640146238 1247196608 852865609
swapping: 1247196608 -1633260967 1247196608 852865609
swapping: 1058888294 1096593308 1058888294 649198962
swapping: 1058888294 1213142268 1058888294 649198962
swapping: 1058888294 1520555386 1058888294 649198962
swapping: 1058888294 -1302599807 1058888294 649198962
swapping: 1058888294 -337882974 1058888294 649198962
swapping: -1989123738 -1907610162 -1989123738 -2125064929
swapping: -1989123738 -301594294 -1989123738 -2125064929
swapping: -1989123738 -56633875 -1989123738 -2125064929
swapping: -2010830780 -1239608718 -2010830780 1402335500
swapping: -2010830780 -1063779598 -2010830780 1402335500
swapping: -1790422868 -346137906 -1790422868 992701557
swapping: -386129304 -239359985 -386129304 1139713108
]]></system-out>
  <system-err><![CDATA[]]></system-err>
</testsuite>
