<?xml version="1.0" encoding="UTF-8"?>
<testsuite name="internal.CubicGraphBuilderTest" tests="6" skipped="0" failures="0" errors="0" timestamp="2023-05-18T18:18:23" hostname="MacBook-Air-Elena-Soboleva.local" time="0.046">
  <properties/>
  <testcase name="indexThreeDimensions()" classname="internal.CubicGraphBuilderTest" time="0.002"/>
  <testcase name="indexTwoDimensions()" classname="internal.CubicGraphBuilderTest" time="0.0"/>
  <testcase name="buildTwoDimensions()" classname="internal.CubicGraphBuilderTest" time="0.002"/>
  <testcase name="indexOneDimension()" classname="internal.CubicGraphBuilderTest" time="0.003"/>
  <testcase name="buildOneDimension()" classname="internal.CubicGraphBuilderTest" time="0.002"/>
  <testcase name="buildThreeDimensions()" classname="internal.CubicGraphBuilderTest" time="0.025"/>
  <system-out><![CDATA[]]></system-out>
  <system-err><![CDATA[]]></system-err>
</testsuite>
